<?xml version="1.0" encoding="UTF-8"?>
<!-- Generated by org.testng.reporters.JUnitReportReporter -->
<testsuite skipped="0" hostname="LAPTOP-P441J84O" name="com.nopcommerce.demo.testsuite.LoginPageTest" tests="2" failures="0" timestamp="2023-01-29T17:38:46 GMT" time="63.401" errors="0">
  <testcase name="verifyErrorMessageWithInvalidCredentials" time="19.961" classname="com.nopcommerce.demo.testsuite.LoginPageTest"/>
  <system-out>
    <![CDATA[Clicking on login button By.linkText: Log in]]>
  </system-out>
  <testcase name="verifyUserShouldNavigateToLoginPage" time="43.440" classname="com.nopcommerce.demo.testsuite.LoginPageTest"/>
  <system-out>
    <![CDATA[Clicking on login button By.linkText: Log in]]>
  </system-out>
</testsuite> <!-- com.nopcommerce.demo.testsuite.LoginPageTest -->
