<?xml version="1.0" encoding="UTF-8"?>
<!-- Generated by org.testng.reporters.JUnitReportReporter -->
<testsuite skipped="0" hostname="LAPTOP-P441J84O" name="com.nopcommerce.demo.testng.TestNGPriority" tests="3" failures="0" timestamp="2023-01-29T17:38:45 GMT" time="0.002" errors="0">
  <testcase name="test1" time="0.001" classname="com.nopcommerce.demo.testng.TestNGPriority"/>
  <system-out/>
  <testcase name="test2" time="0.001" classname="com.nopcommerce.demo.testng.TestNGPriority"/>
  <system-out/>
  <testcase name="test" time="0.000" classname="com.nopcommerce.demo.testng.TestNGPriority"/>
  <system-out/>
</testsuite> <!-- com.nopcommerce.demo.testng.TestNGPriority -->
