<?xml version="1.0" encoding="UTF-8"?>
<!-- Generated by org.testng.reporters.JUnitReportReporter -->
<testsuite skipped="0" hostname="LAPTOP-P441J84O" name="com.nopcommerce.demo.testng.TestNGGrouping" tests="7" failures="0" timestamp="2023-01-29T17:38:45 GMT" time="0.016" errors="0">
  <testcase name="loginTest2" time="0.008" classname="com.nopcommerce.demo.testng.TestNGGrouping"/>
  <system-out/>
  <testcase name="loginTest4" time="0.000" classname="com.nopcommerce.demo.testng.TestNGGrouping"/>
  <system-out/>
  <testcase name="computerTest2" time="0.000" classname="com.nopcommerce.demo.testng.TestNGGrouping"/>
  <system-out/>
  <testcase name="regressionTest1" time="0.001" classname="com.nopcommerce.demo.testng.TestNGGrouping"/>
  <system-out/>
  <testcase name="loginTest1" time="0.003" classname="com.nopcommerce.demo.testng.TestNGGrouping"/>
  <system-out/>
  <testcase name="computerTest1" time="0.002" classname="com.nopcommerce.demo.testng.TestNGGrouping"/>
  <system-out/>
  <testcase name="loginTest3" time="0.002" classname="com.nopcommerce.demo.testng.TestNGGrouping"/>
  <system-out/>
</testsuite> <!-- com.nopcommerce.demo.testng.TestNGGrouping -->
